This is pdfTeX, Version 3.14159265-2.6-1.40.18 (TeX Live 2017/Debian) (preloaded format=pdflatex 2019.11.25)  27 JUN 2021 22:34
entering extended mode
 restricted \write18 enabled.
 %&-line parsing enabled.
**annotated.tex
(./annotated.tex
LaTeX2e <2017-04-15>
Babel <3.18> and hyphenation patterns for 84 language(s) loaded.
! Undefined control sequence.
l.1 \subsection
               {Data Structures}
The control sequence at the end of the top line
of your error message was never \def'ed. If you have
misspelled it (e.g., `\hobx'), type `I' and the correct
spelling (e.g., `I\hbox'). Otherwise just continue,
and I'll forget about whatever was undefined.


! LaTeX Error: Missing \begin{document}.

See the LaTeX manual or LaTeX Companion for explanation.
Type  H <return>  for immediate help.
 ...                                              
                                                  
l.1 \subsection{D
                 ata Structures}
You're in trouble here.  Try typing  <return>  to proceed.
If that doesn't work, type  X <return>  to quit.

Missing character: There is no D in font nullfont!
Missing character: There is no a in font nullfont!
Missing character: There is no t in font nullfont!
Missing character: There is no a in font nullfont!
Missing character: There is no S in font nullfont!
Missing character: There is no t in font nullfont!
Missing character: There is no r in font nullfont!
Missing character: There is no u in font nullfont!
Missing character: There is no c in font nullfont!
Missing character: There is no t in font nullfont!
Missing character: There is no u in font nullfont!
Missing character: There is no r in font nullfont!
Missing character: There is no e in font nullfont!
Missing character: There is no s in font nullfont!
Missing character: There is no H in font nullfont!
Missing character: There is no e in font nullfont!
Missing character: There is no r in font nullfont!
Missing character: There is no e in font nullfont!
Missing character: There is no a in font nullfont!
Missing character: There is no r in font nullfont!
Missing character: There is no e in font nullfont!
Missing character: There is no t in font nullfont!
Missing character: There is no h in font nullfont!
Missing character: There is no e in font nullfont!
Missing character: There is no d in font nullfont!
Missing character: There is no a in font nullfont!
Missing character: There is no t in font nullfont!
Missing character: There is no a in font nullfont!
Missing character: There is no s in font nullfont!
Missing character: There is no t in font nullfont!
Missing character: There is no r in font nullfont!
Missing character: There is no u in font nullfont!
Missing character: There is no c in font nullfont!
Missing character: There is no t in font nullfont!
Missing character: There is no u in font nullfont!
Missing character: There is no r in font nullfont!
Missing character: There is no e in font nullfont!
Missing character: There is no s in font nullfont!
Missing character: There is no w in font nullfont!
Missing character: There is no i in font nullfont!
Missing character: There is no t in font nullfont!
Missing character: There is no h in font nullfont!
Missing character: There is no b in font nullfont!
Missing character: There is no r in font nullfont!
Missing character: There is no i in font nullfont!
Missing character: There is no e in font nullfont!
Missing character: There is no f in font nullfont!
Missing character: There is no d in font nullfont!
Missing character: There is no e in font nullfont!
Missing character: There is no s in font nullfont!
Missing character: There is no c in font nullfont!
Missing character: There is no r in font nullfont!
Missing character: There is no i in font nullfont!
Missing character: There is no p in font nullfont!
Missing character: There is no t in font nullfont!
Missing character: There is no i in font nullfont!
Missing character: There is no o in font nullfont!
Missing character: There is no n in font nullfont!
Missing character: There is no s in font nullfont!
! Undefined control sequence.
l.2 ...e data structures with brief descriptions\+
                                                  :\begin{DoxyCompactList}
The control sequence at the end of the top line
of your error message was never \def'ed. If you have
misspelled it (e.g., `\hobx'), type `I' and the correct
spelling (e.g., `I\hbox'). Otherwise just continue,
and I'll forget about whatever was undefined.

Missing character: There is no : in font nullfont!

! LaTeX Error: Environment DoxyCompactList undefined.

See the LaTeX manual or LaTeX Companion for explanation.
Type  H <return>  for immediate help.
 ...                                              
                                                  
l.2 ...rief descriptions\+:\begin{DoxyCompactList}
                                                  
Your command was ignored.
Type  I <command> <return>  to replace it with another command,
or  <return>  to continue without it.


Overfull \hbox (20.0pt too wide) in paragraph at lines 1--3
[]
 []


! LaTeX Error: Lonely \item--perhaps a missing list environment.

See the LaTeX manual or LaTeX Companion for explanation.
Type  H <return>  for immediate help.
 ...                                              
                                                  
l.3 \item\contentsline
                      {section}{\hyperlink{classFEDD_1_1AdaptiveMeshRefineme...

Try typing  <return>  to proceed.
If that doesn't work, type  X <return>  to quit.

! Undefined control sequence.
l.3 \item\contentsline{section}{\hyperlink
                                          {classFEDD_1_1AdaptiveMeshRefineme...
The control sequence at the end of the top line
of your error message was never \def'ed. If you have
misspelled it (e.g., `\hobx'), type `I' and the correct
spelling (e.g., `I\hbox'). Otherwise just continue,
and I'll forget about whatever was undefined.

Missing character: There is no c in font nullfont!
Missing character: There is no l in font nullfont!
Missing character: There is no a in font nullfont!
Missing character: There is no s in font nullfont!
Missing character: There is no s in font nullfont!
Missing character: There is no F in font nullfont!
Missing character: There is no E in font nullfont!
Missing character: There is no D in font nullfont!
Missing character: There is no D in font nullfont!
! Missing $ inserted.
<inserted text> 
                $
l.3 ...contentsline{section}{\hyperlink{classFEDD_
                                                  1_1AdaptiveMeshRefinement}...
I've inserted a begin-math/end-math symbol since I think
you left one out. Proceed, with fingers crossed.

LaTeX Font Info:    External font `cmex10' loaded for size
(Font)              <7> on input line 3.
LaTeX Font Info:    External font `cmex10' loaded for size
(Font)              <5> on input line 3.
! Double subscript.
l.3 ...ntentsline{section}{\hyperlink{classFEDD_1_
                                                  1AdaptiveMeshRefinement}{A...
I treat `x_1_2' essentially like `x_1{}_2'.

! Extra }, or forgotten $.
l.3 ...erlink{classFEDD_1_1AdaptiveMeshRefinement}
                                                  {Adaptive\+Mesh\+Refinemen...
I've deleted a group-closing symbol because it seems to be
spurious, as in `$x}$'. But perhaps the } is legitimate and
you forgot something else, as in `\hbox{$x}'. In such cases
the way to recover is to insert both the forgotten and the
deleted material, e.g., by typing `I$}'.

! Undefined control sequence.
l.3 ...sFEDD_1_1AdaptiveMeshRefinement}{Adaptive\+
                                                  Mesh\+Refinement$<$ S\+C, ...
The control sequence at the end of the top line
of your error message was never \def'ed. If you have
misspelled it (e.g., `\hobx'), type `I' and the correct
spelling (e.g., `I\hbox'). Otherwise just continue,
and I'll forget about whatever was undefined.

! Undefined control sequence.
l.3 ...1_1AdaptiveMeshRefinement}{Adaptive\+Mesh\+
                                                  Refinement$<$ S\+C, L\+O, ...
The control sequence at the end of the top line
of your error message was never \def'ed. If you have
misspelled it (e.g., `\hobx'), type `I' and the correct
spelling (e.g., `I\hbox'). Otherwise just continue,
and I'll forget about whatever was undefined.

! Missing } inserted.
<inserted text> 
                }
l.3 ...MeshRefinement}{Adaptive\+Mesh\+Refinement$
                                                  <$ S\+C, L\+O, G\+O, N\+O ...
I've inserted something that you may have forgotten.
(See the <inserted text> above.)
With luck, this will get me unwedged. But if you
really didn't forget anything, try typing `2' now; then
my insertion and my current dilemma will both disappear.

Missing character: There is no < in font nullfont!
! Undefined control sequence.
l.3 ...finement}{Adaptive\+Mesh\+Refinement$<$ S\+
                                                  C, L\+O, G\+O, N\+O $>$} }...
The control sequence at the end of the top line
of your error message was never \def'ed. If you have
misspelled it (e.g., `\hobx'), type `I' and the correct
spelling (e.g., `I\hbox'). Otherwise just continue,
and I'll forget about whatever was undefined.

! Undefined control sequence.
l.3 ...nt}{Adaptive\+Mesh\+Refinement$<$ S\+C, L\+
                                                  O, G\+O, N\+O $>$} }{\page...
The control sequence at the end of the top line
of your error message was never \def'ed. If you have
misspelled it (e.g., `\hobx'), type `I' and the correct
spelling (e.g., `I\hbox'). Otherwise just continue,
and I'll forget about whatever was undefined.

! Undefined control sequence.
l.3 ...aptive\+Mesh\+Refinement$<$ S\+C, L\+O, G\+
                                                  O, N\+O $>$} }{\pageref{cl...
The control sequence at the end of the top line
of your error message was never \def'ed. If you have
misspelled it (e.g., `\hobx'), type `I' and the correct
spelling (e.g., `I\hbox'). Otherwise just continue,
and I'll forget about whatever was undefined.

! Undefined control sequence.
l.3 ...\+Mesh\+Refinement$<$ S\+C, L\+O, G\+O, N\+
                                                  O $>$} }{\pageref{classFED...
The control sequence at the end of the top line
of your error message was never \def'ed. If you have
misspelled it (e.g., `\hobx'), type `I' and the correct
spelling (e.g., `I\hbox'). Otherwise just continue,
and I'll forget about whatever was undefined.

Missing character: There is no > in font nullfont!
! Extra }, or forgotten $.
<recently read> }
                 
l.3 ...\+Refinement$<$ S\+C, L\+O, G\+O, N\+O $>$}
                                                   }{\pageref{classFEDD_1_1A...
I've deleted a group-closing symbol because it seems to be
spurious, as in `$x}$'. But perhaps the } is legitimate and
you forgot something else, as in `\hbox{$x}'. In such cases
the way to recover is to insert both the forgotten and the
deleted material, e.g., by typing `I$}'.

! Extra }, or forgotten $.
l.3 ...Refinement$<$ S\+C, L\+O, G\+O, N\+O $>$} }
                                                  {\pageref{classFEDD_1_1Ada...
I've deleted a group-closing symbol because it seems to be
spurious, as in `$x}$'. But perhaps the } is legitimate and
you forgot something else, as in `\hbox{$x}'. In such cases
the way to recover is to insert both the forgotten and the
deleted material, e.g., by typing `I$}'.

! Undefined control sequence.
<write> ...aptiveMeshRefinement' on page \thepage 
                                                  \space undefined\on@line .
l.3 ...ageref{classFEDD_1_1AdaptiveMeshRefinement}
                                                  }{}
The control sequence at the end of the top line
of your error message was never \def'ed. If you have
misspelled it (e.g., `\hobx'), type `I' and the correct
spelling (e.g., `I\hbox'). Otherwise just continue,
and I'll forget about whatever was undefined.


LaTeX Warning: Reference `classFEDD_1_1AdaptiveMeshRefinement' on page  undefin
ed on input line 3.


! LaTeX Error: Command \item invalid in math mode.

See the LaTeX manual or LaTeX Companion for explanation.
Type  H <return>  for immediate help.
 ...                                              
                                                  
l.4 \item
         \contentsline{section}{\hyperlink{classFEDD_1_1ErrorEstimation}{Err...

Try typing  <return>  to proceed.
If that doesn't work, type  X <return>  to quit.


! LaTeX Error: Something's wrong--perhaps a missing \item.

See the LaTeX manual or LaTeX Companion for explanation.
Type  H <return>  for immediate help.
 ...                                              
                                                  
l.4 \item\contentsline
                      {section}{\hyperlink{classFEDD_1_1ErrorEstimation}{Err...

Try typing  <return>  to proceed.
If that doesn't work, type  X <return>  to quit.


! LaTeX Error: Something's wrong--perhaps a missing \item.

See the LaTeX manual or LaTeX Companion for explanation.
Type  H <return>  for immediate help.
 ...                                              
                                                  
l.4 \item\contentsline
                      {section}{\hyperlink{classFEDD_1_1ErrorEstimation}{Err...

Try typing  <return>  to proceed.
If that doesn't work, type  X <return>  to quit.


! LaTeX Error: Lonely \item--perhaps a missing list environment.

See the LaTeX manual or LaTeX Companion for explanation.
Type  H <return>  for immediate help.
 ...                                              
                                                  
l.4 \item\contentsline
                      {section}{\hyperlink{classFEDD_1_1ErrorEstimation}{Err...

Try typing  <return>  to proceed.
If that doesn't work, type  X <return>  to quit.

! Undefined control sequence.
l.4 \item\contentsline{section}{\hyperlink
                                          {classFEDD_1_1ErrorEstimation}{Err...
The control sequence at the end of the top line
of your error message was never \def'ed. If you have
misspelled it (e.g., `\hobx'), type `I' and the correct
spelling (e.g., `I\hbox'). Otherwise just continue,
and I'll forget about whatever was undefined.

! Double subscript.
l.4 ...ntentsline{section}{\hyperlink{classFEDD_1_
                                                  1ErrorEstimation}{Error\+E...
I treat `x_1_2' essentially like `x_1{}_2'.

! Undefined control sequence.
l.4 ...rlink{classFEDD_1_1ErrorEstimation}{Error\+
                                                  Estimation$<$ S\+C, L\+O, ...
The control sequence at the end of the top line
of your error message was never \def'ed. If you have
misspelled it (e.g., `\hobx'), type `I' and the correct
spelling (e.g., `I\hbox'). Otherwise just continue,
and I'll forget about whatever was undefined.

! Missing } inserted.
<inserted text> 
                }
l.4 ...FEDD_1_1ErrorEstimation}{Error\+Estimation$
                                                  <$ S\+C, L\+O, G\+O, N\+O ...
I've inserted something that you may have forgotten.
(See the <inserted text> above.)
With luck, this will get me unwedged. But if you
really didn't forget anything, try typing `2' now; then
my insertion and my current dilemma will both disappear.

! Missing } inserted.
<inserted text> 
                }
l.4 ...FEDD_1_1ErrorEstimation}{Error\+Estimation$
                                                  <$ S\+C, L\+O, G\+O, N\+O ...
I've inserted something that you may have forgotten.
(See the <inserted text> above.)
With luck, this will get me unwedged. But if you
really didn't forget anything, try typing `2' now; then
my insertion and my current dilemma will both disappear.

Missing character: There is no < in font nullfont!
! Undefined control sequence.
l.4 ..._1ErrorEstimation}{Error\+Estimation$<$ S\+
                                                  C, L\+O, G\+O, N\+O $>$} }...
The control sequence at the end of the top line
of your error message was never \def'ed. If you have
misspelled it (e.g., `\hobx'), type `I' and the correct
spelling (e.g., `I\hbox'). Otherwise just continue,
and I'll forget about whatever was undefined.

! Undefined control sequence.
l.4 ...rEstimation}{Error\+Estimation$<$ S\+C, L\+
                                                  O, G\+O, N\+O $>$} }{\page...
The control sequence at the end of the top line
of your error message was never \def'ed. If you have
misspelled it (e.g., `\hobx'), type `I' and the correct
spelling (e.g., `I\hbox'). Otherwise just continue,
and I'll forget about whatever was undefined.

! Undefined control sequence.
l.4 ...ation}{Error\+Estimation$<$ S\+C, L\+O, G\+
                                                  O, N\+O $>$} }{\pageref{cl...
The control sequence at the end of the top line
of your error message was never \def'ed. If you have
misspelled it (e.g., `\hobx'), type `I' and the correct
spelling (e.g., `I\hbox'). Otherwise just continue,
and I'll forget about whatever was undefined.

! Undefined control sequence.
l.4 ...{Error\+Estimation$<$ S\+C, L\+O, G\+O, N\+
                                                  O $>$} }{\pageref{classFED...
The control sequence at the end of the top line
of your error message was never \def'ed. If you have
misspelled it (e.g., `\hobx'), type `I' and the correct
spelling (e.g., `I\hbox'). Otherwise just continue,
and I'll forget about whatever was undefined.

Missing character: There is no > in font nullfont!
! Extra }, or forgotten $.
<recently read> }
                 
l.4 ...\+Estimation$<$ S\+C, L\+O, G\+O, N\+O $>$}
                                                   }{\pageref{classFEDD_1_1E...
I've deleted a group-closing symbol because it seems to be
spurious, as in `$x}$'. But perhaps the } is legitimate and
you forgot something else, as in `\hbox{$x}'. In such cases
the way to recover is to insert both the forgotten and the
deleted material, e.g., by typing `I$}'.

! Extra }, or forgotten $.
l.4 ...Estimation$<$ S\+C, L\+O, G\+O, N\+O $>$} }
                                                  {\pageref{classFEDD_1_1Err...
I've deleted a group-closing symbol because it seems to be
spurious, as in `$x}$'. But perhaps the } is legitimate and
you forgot something else, as in `\hbox{$x}'. In such cases
the way to recover is to insert both the forgotten and the
deleted material, e.g., by typing `I$}'.

! Undefined control sequence.
<write> ...D_1_1ErrorEstimation' on page \thepage 
                                                  \space undefined\on@line .
l.4 ...$} }{\pageref{classFEDD_1_1ErrorEstimation}
                                                  }{}
The control sequence at the end of the top line
of your error message was never \def'ed. If you have
misspelled it (e.g., `\hobx'), type `I' and the correct
spelling (e.g., `I\hbox'). Otherwise just continue,
and I'll forget about whatever was undefined.


LaTeX Warning: Reference `classFEDD_1_1ErrorEstimation' on page  undefined on i
nput line 4.


! LaTeX Error: Command \item invalid in math mode.

See the LaTeX manual or LaTeX Companion for explanation.
Type  H <return>  for immediate help.
 ...                                              
                                                  
l.5 \item
         \contentsline{section}{\hyperlink{classFEDD_1_1ExporterParaViewAMR}...

Try typing  <return>  to proceed.
If that doesn't work, type  X <return>  to quit.

! Missing $ inserted.
<inserted text> 
                $
l.5 \item\contentsline
                      {section}{\hyperlink{classFEDD_1_1ExporterParaViewAMR}...
I've inserted a begin-math/end-math symbol since I think
you left one out. Proceed, with fingers crossed.


Overfull \hbox (664.44058pt too wide) in paragraph at lines 3--5
[][]\OML/cmm/m/it/10 AdaptiveMeshRefinement[]$$SC; LO; GO; NO$$[][][]$$SC; LO; 
GO; NO$$[][][]$ 
 []


! LaTeX Error: Lonely \item--perhaps a missing list environment.

See the LaTeX manual or LaTeX Companion for explanation.
Type  H <return>  for immediate help.
 ...                                              
                                                  
l.5 \item\contentsline
                      {section}{\hyperlink{classFEDD_1_1ExporterParaViewAMR}...

Try typing  <return>  to proceed.
If that doesn't work, type  X <return>  to quit.

! Undefined control sequence.
l.5 \item\contentsline{section}{\hyperlink
                                          {classFEDD_1_1ExporterParaViewAMR}...
The control sequence at the end of the top line
of your error message was never \def'ed. If you have
misspelled it (e.g., `\hobx'), type `I' and the correct
spelling (e.g., `I\hbox'). Otherwise just continue,
and I'll forget about whatever was undefined.

Missing character: There is no c in font nullfont!
Missing character: There is no l in font nullfont!
Missing character: There is no a in font nullfont!
Missing character: There is no s in font nullfont!
Missing character: There is no s in font nullfont!
Missing character: There is no F in font nullfont!
Missing character: There is no E in font nullfont!
Missing character: There is no D in font nullfont!
Missing character: There is no D in font nullfont!
! Missing $ inserted.
<inserted text> 
                $
l.5 ...contentsline{section}{\hyperlink{classFEDD_
                                                  1_1ExporterParaViewAMR}{Ex...
I've inserted a begin-math/end-math symbol since I think
you left one out. Proceed, with fingers crossed.

! Double subscript.
l.5 ...ntentsline{section}{\hyperlink{classFEDD_1_
                                                  1ExporterParaViewAMR}{Expo...
I treat `x_1_2' essentially like `x_1{}_2'.

! Extra }, or forgotten $.
l.5 ...hyperlink{classFEDD_1_1ExporterParaViewAMR}
                                                  {Exporter\+Para\+View\+A\+...
I've deleted a group-closing symbol because it seems to be
spurious, as in `$x}$'. But perhaps the } is legitimate and
you forgot something else, as in `\hbox{$x}'. In such cases
the way to recover is to insert both the forgotten and the
deleted material, e.g., by typing `I$}'.

! Undefined control sequence.
l.5 ...lassFEDD_1_1ExporterParaViewAMR}{Exporter\+
                                                  Para\+View\+A\+M\+R$<$ S\+...
The control sequence at the end of the top line
of your error message was never \def'ed. If you have
misspelled it (e.g., `\hobx'), type `I' and the correct
spelling (e.g., `I\hbox'). Otherwise just continue,
and I'll forget about whatever was undefined.

! Undefined control sequence.
l.5 ...DD_1_1ExporterParaViewAMR}{Exporter\+Para\+
                                                  View\+A\+M\+R$<$ S\+C, L\+...
The control sequence at the end of the top line
of your error message was never \def'ed. If you have
misspelled it (e.g., `\hobx'), type `I' and the correct
spelling (e.g., `I\hbox'). Otherwise just continue,
and I'll forget about whatever was undefined.

! Undefined control sequence.
l.5 ...ExporterParaViewAMR}{Exporter\+Para\+View\+
                                                  A\+M\+R$<$ S\+C, L\+O, G\+...
The control sequence at the end of the top line
of your error message was never \def'ed. If you have
misspelled it (e.g., `\hobx'), type `I' and the correct
spelling (e.g., `I\hbox'). Otherwise just continue,
and I'll forget about whatever was undefined.

! Undefined control sequence.
l.5 ...orterParaViewAMR}{Exporter\+Para\+View\+A\+
                                                  M\+R$<$ S\+C, L\+O, G\+O, ...
The control sequence at the end of the top line
of your error message was never \def'ed. If you have
misspelled it (e.g., `\hobx'), type `I' and the correct
spelling (e.g., `I\hbox'). Otherwise just continue,
and I'll forget about whatever was undefined.

! Undefined control sequence.
l.5 ...erParaViewAMR}{Exporter\+Para\+View\+A\+M\+
                                                  R$<$ S\+C, L\+O, G\+O, N\+...
The control sequence at the end of the top line
of your error message was never \def'ed. If you have
misspelled it (e.g., `\hobx'), type `I' and the correct
spelling (e.g., `I\hbox'). Otherwise just continue,
and I'll forget about whatever was undefined.

! Missing } inserted.
<inserted text> 
                }
l.5 ...ParaViewAMR}{Exporter\+Para\+View\+A\+M\+R$
                                                  <$ S\+C, L\+O, G\+O, N\+O ...
I've inserted something that you may have forgotten.
(See the <inserted text> above.)
With luck, this will get me unwedged. But if you
really didn't forget anything, try typing `2' now; then
my insertion and my current dilemma will both disappear.

Missing character: There is no < in font nullfont!
! Undefined control sequence.
l.5 ...ewAMR}{Exporter\+Para\+View\+A\+M\+R$<$ S\+
                                                  C, L\+O, G\+O, N\+O $>$} }...
The control sequence at the end of the top line
of your error message was never \def'ed. If you have
misspelled it (e.g., `\hobx'), type `I' and the correct
spelling (e.g., `I\hbox'). Otherwise just continue,
and I'll forget about whatever was undefined.

! Undefined control sequence.
l.5 ...{Exporter\+Para\+View\+A\+M\+R$<$ S\+C, L\+
                                                  O, G\+O, N\+O $>$} }{\page...
The control sequence at the end of the top line
of your error message was never \def'ed. If you have
misspelled it (e.g., `\hobx'), type `I' and the correct
spelling (e.g., `I\hbox'). Otherwise just continue,
and I'll forget about whatever was undefined.

! Undefined control sequence.
l.5 ...ter\+Para\+View\+A\+M\+R$<$ S\+C, L\+O, G\+
                                                  O, N\+O $>$} }{\pageref{cl...
The control sequence at the end of the top line
of your error message was never \def'ed. If you have
misspelled it (e.g., `\hobx'), type `I' and the correct
spelling (e.g., `I\hbox'). Otherwise just continue,
and I'll forget about whatever was undefined.

! Undefined control sequence.
l.5 ...ara\+View\+A\+M\+R$<$ S\+C, L\+O, G\+O, N\+
                                                  O $>$} }{\pageref{classFED...
The control sequence at the end of the top line
of your error message was never \def'ed. If you have
misspelled it (e.g., `\hobx'), type `I' and the correct
spelling (e.g., `I\hbox'). Otherwise just continue,
and I'll forget about whatever was undefined.

Missing character: There is no > in font nullfont!
! Extra }, or forgotten $.
<recently read> }
                 
l.5 ...iew\+A\+M\+R$<$ S\+C, L\+O, G\+O, N\+O $>$}
                                                   }{\pageref{classFEDD_1_1E...
I've deleted a group-closing symbol because it seems to be
spurious, as in `$x}$'. But perhaps the } is legitimate and
you forgot something else, as in `\hbox{$x}'. In such cases
the way to recover is to insert both the forgotten and the
deleted material, e.g., by typing `I$}'.

! Extra }, or forgotten $.
l.5 ...w\+A\+M\+R$<$ S\+C, L\+O, G\+O, N\+O $>$} }
                                                  {\pageref{classFEDD_1_1Exp...
I've deleted a group-closing symbol because it seems to be
spurious, as in `$x}$'. But perhaps the } is legitimate and
you forgot something else, as in `\hbox{$x}'. In such cases
the way to recover is to insert both the forgotten and the
deleted material, e.g., by typing `I$}'.

! Undefined control sequence.
<write> ...1ExporterParaViewAMR' on page \thepage 
                                                  \space undefined\on@line .
l.5 ...{\pageref{classFEDD_1_1ExporterParaViewAMR}
                                                  }{}
The control sequence at the end of the top line
of your error message was never \def'ed. If you have
misspelled it (e.g., `\hobx'), type `I' and the correct
spelling (e.g., `I\hbox'). Otherwise just continue,
and I'll forget about whatever was undefined.


LaTeX Warning: Reference `classFEDD_1_1ExporterParaViewAMR' on page  undefined 
on input line 5.


! LaTeX Error: Command \item invalid in math mode.

See the LaTeX manual or LaTeX Companion for explanation.
Type  H <return>  for immediate help.
 ...                                              
                                                  
l.6 \item
         \contentsline{section}{\hyperlink{classFEDD_1_1RefinementFactory}{R...

Try typing  <return>  to proceed.
If that doesn't work, type  X <return>  to quit.


! LaTeX Error: Something's wrong--perhaps a missing \item.

See the LaTeX manual or LaTeX Companion for explanation.
Type  H <return>  for immediate help.
 ...                                              
                                                  
l.6 \item\contentsline
                      {section}{\hyperlink{classFEDD_1_1RefinementFactory}{R...

Try typing  <return>  to proceed.
If that doesn't work, type  X <return>  to quit.


! LaTeX Error: Something's wrong--perhaps a missing \item.

See the LaTeX manual or LaTeX Companion for explanation.
Type  H <return>  for immediate help.
 ...                                              
                                                  
l.6 \item\contentsline
                      {section}{\hyperlink{classFEDD_1_1RefinementFactory}{R...

Try typing  <return>  to proceed.
If that doesn't work, type  X <return>  to quit.


! LaTeX Error: Lonely \item--perhaps a missing list environment.

See the LaTeX manual or LaTeX Companion for explanation.
Type  H <return>  for immediate help.
 ...                                              
                                                  
l.6 \item\contentsline
                      {section}{\hyperlink{classFEDD_1_1RefinementFactory}{R...

Try typing  <return>  to proceed.
If that doesn't work, type  X <return>  to quit.

! Undefined control sequence.
l.6 \item\contentsline{section}{\hyperlink
                                          {classFEDD_1_1RefinementFactory}{R...
The control sequence at the end of the top line
of your error message was never \def'ed. If you have
misspelled it (e.g., `\hobx'), type `I' and the correct
spelling (e.g., `I\hbox'). Otherwise just continue,
and I'll forget about whatever was undefined.

! Double subscript.
l.6 ...ntentsline{section}{\hyperlink{classFEDD_1_
                                                  1RefinementFactory}{Refine...
I treat `x_1_2' essentially like `x_1{}_2'.

! Undefined control sequence.
l.6 ...lassFEDD_1_1RefinementFactory}{Refinement\+
                                                  Factory$<$ S\+C, L\+O, G\+...
The control sequence at the end of the top line
of your error message was never \def'ed. If you have
misspelled it (e.g., `\hobx'), type `I' and the correct
spelling (e.g., `I\hbox'). Otherwise just continue,
and I'll forget about whatever was undefined.

! Missing } inserted.
<inserted text> 
                }
l.6 ..._1_1RefinementFactory}{Refinement\+Factory$
                                                  <$ S\+C, L\+O, G\+O, N\+O ...
I've inserted something that you may have forgotten.
(See the <inserted text> above.)
With luck, this will get me unwedged. But if you
really didn't forget anything, try typing `2' now; then
my insertion and my current dilemma will both disappear.

! Missing } inserted.
<inserted text> 
                }
l.6 ..._1_1RefinementFactory}{Refinement\+Factory$
                                                  <$ S\+C, L\+O, G\+O, N\+O ...
I've inserted something that you may have forgotten.
(See the <inserted text> above.)
With luck, this will get me unwedged. But if you
really didn't forget anything, try typing `2' now; then
my insertion and my current dilemma will both disappear.

Missing character: There is no < in font nullfont!
! Undefined control sequence.
l.6 ...finementFactory}{Refinement\+Factory$<$ S\+
                                                  C, L\+O, G\+O, N\+O $>$} }...
The control sequence at the end of the top line
of your error message was never \def'ed. If you have
misspelled it (e.g., `\hobx'), type `I' and the correct
spelling (e.g., `I\hbox'). Otherwise just continue,
and I'll forget about whatever was undefined.

! Undefined control sequence.
l.6 ...ntFactory}{Refinement\+Factory$<$ S\+C, L\+
                                                  O, G\+O, N\+O $>$} }{\page...
The control sequence at the end of the top line
of your error message was never \def'ed. If you have
misspelled it (e.g., `\hobx'), type `I' and the correct
spelling (e.g., `I\hbox'). Otherwise just continue,
and I'll forget about whatever was undefined.

! Undefined control sequence.
l.6 ...ory}{Refinement\+Factory$<$ S\+C, L\+O, G\+
                                                  O, N\+O $>$} }{\pageref{cl...
The control sequence at the end of the top line
of your error message was never \def'ed. If you have
misspelled it (e.g., `\hobx'), type `I' and the correct
spelling (e.g., `I\hbox'). Otherwise just continue,
and I'll forget about whatever was undefined.

! Undefined control sequence.
l.6 ...efinement\+Factory$<$ S\+C, L\+O, G\+O, N\+
                                                  O $>$} }{\pageref{classFED...
The control sequence at the end of the top line
of your error message was never \def'ed. If you have
misspelled it (e.g., `\hobx'), type `I' and the correct
spelling (e.g., `I\hbox'). Otherwise just continue,
and I'll forget about whatever was undefined.

Missing character: There is no > in font nullfont!
! Extra }, or forgotten $.
<recently read> }
                 
l.6 ...ent\+Factory$<$ S\+C, L\+O, G\+O, N\+O $>$}
                                                   }{\pageref{classFEDD_1_1R...
I've deleted a group-closing symbol because it seems to be
spurious, as in `$x}$'. But perhaps the } is legitimate and
you forgot something else, as in `\hbox{$x}'. In such cases
the way to recover is to insert both the forgotten and the
deleted material, e.g., by typing `I$}'.

! Extra }, or forgotten $.
l.6 ...t\+Factory$<$ S\+C, L\+O, G\+O, N\+O $>$} }
                                                  {\pageref{classFEDD_1_1Ref...
I've deleted a group-closing symbol because it seems to be
spurious, as in `$x}$'. But perhaps the } is legitimate and
you forgot something else, as in `\hbox{$x}'. In such cases
the way to recover is to insert both the forgotten and the
deleted material, e.g., by typing `I$}'.

! Undefined control sequence.
<write> ...1_1RefinementFactory' on page \thepage 
                                                  \space undefined\on@line .
l.6 ... }{\pageref{classFEDD_1_1RefinementFactory}
                                                  }{}
The control sequence at the end of the top line
of your error message was never \def'ed. If you have
misspelled it (e.g., `\hobx'), type `I' and the correct
spelling (e.g., `I\hbox'). Otherwise just continue,
and I'll forget about whatever was undefined.


LaTeX Warning: Reference `classFEDD_1_1RefinementFactory' on page  undefined on
 input line 6.


! LaTeX Error: \begin{document} ended by \end{DoxyCompactList}.

See the LaTeX manual or LaTeX Companion for explanation.
Type  H <return>  for immediate help.
 ...                                              
                                                  
l.7 \end{DoxyCompactList}
                         
Your command was ignored.
Type  I <command> <return>  to replace it with another command,
or  <return>  to continue without it.

! Missing $ inserted.
<inserted text> 
                $
l.7 \end{DoxyCompactList}
                         
I've inserted something that you may have forgotten.
(See the <inserted text> above.)
With luck, this will get me unwedged. But if you
really didn't forget anything, try typing `2' now; then
my insertion and my current dilemma will both disappear.

! Missing } inserted.
<inserted text> 
                }
l.7 \end{DoxyCompactList}
                         
I've inserted something that you may have forgotten.
(See the <inserted text> above.)
With luck, this will get me unwedged. But if you
really didn't forget anything, try typing `2' now; then
my insertion and my current dilemma will both disappear.

! Missing } inserted.
<inserted text> 
                }
l.7 \end{DoxyCompactList}
                         
I've inserted something that you may have forgotten.
(See the <inserted text> above.)
With luck, this will get me unwedged. But if you
really didn't forget anything, try typing `2' now; then
my insertion and my current dilemma will both disappear.

! Missing } inserted.
<inserted text> 
                }
l.7 \end{DoxyCompactList}
                         
I've inserted something that you may have forgotten.
(See the <inserted text> above.)
With luck, this will get me unwedged. But if you
really didn't forget anything, try typing `2' now; then
my insertion and my current dilemma will both disappear.

! Missing } inserted.
<inserted text> 
                }
l.7 \end{DoxyCompactList}
                         
I've inserted something that you may have forgotten.
(See the <inserted text> above.)
With luck, this will get me unwedged. But if you
really didn't forget anything, try typing `2' now; then
my insertion and my current dilemma will both disappear.

)
! Emergency stop.
<*> annotated.tex
                 
*** (job aborted, no legal \end found)

 
Here is how much of TeX's memory you used:
 17 strings out of 492982
 370 string characters out of 6134895
 55220 words of memory out of 5000000
 3682 multiletter control sequences out of 15000+600000
 3948 words of font info for 15 fonts, out of 8000000 for 9000
 1141 hyphenation exceptions out of 8191
 18i,5n,14p,238b,125s stack positions out of 5000i,500n,10000p,200000b,80000s
!  ==> Fatal error occurred, no output PDF file produced!
